Tue Apr 18 13:36:18 IDT 2017  [debug] AvalonLogSystem initialized using logfile 'velocity.log'
Tue Apr 18 13:36:18 IDT 2017   [info] ************************************************************** 
Tue Apr 18 13:36:18 IDT 2017   [info] Starting Jakarta Velocity v1.4
Tue Apr 18 13:36:18 IDT 2017   [info] RuntimeInstance initializing.
Tue Apr 18 13:36:18 IDT 2017   [info] Default Properties File: org\apache\velocity\runtime\defaults\velocity.properties
Tue Apr 18 13:36:18 IDT 2017   [info] Trying to use logger class org.apache.velocity.runtime.log.AvalonLogSystem
Tue Apr 18 13:36:18 IDT 2017   [info] Using logger class org.apache.velocity.runtime.log.AvalonLogSystem
Tue Apr 18 13:36:18 IDT 2017   [info] Default ResourceManager initializing. (class org.apache.velocity.runtime.resource.ResourceManagerImpl)
Tue Apr 18 13:36:18 IDT 2017   [info] Resource Loader Instantiated: org.apache.velocity.runtime.resource.loader.FileResourceLoader
Tue Apr 18 13:36:18 IDT 2017   [info] FileResourceLoader : initialization starting.
Tue Apr 18 13:36:18 IDT 2017   [info] FileResourceLoader : adding path 'D:\tomcat\apache-tomcat-8.0.42\webapps\ROOT'
Tue Apr 18 13:36:18 IDT 2017   [info] FileResourceLoader : initialization complete.
Tue Apr 18 13:36:18 IDT 2017   [info] Resource Loader Instantiated: org.apache.velocity.runtime.resource.loader.ClasspathResourceLoader
Tue Apr 18 13:36:18 IDT 2017   [info] ClasspathResourceLoader : initialization starting.
Tue Apr 18 13:36:18 IDT 2017   [info] ClasspathResourceLoader : initialization complete.
Tue Apr 18 13:36:18 IDT 2017   [info] ResourceCache : initialized. (class org.apache.velocity.runtime.resource.ResourceCacheImpl)
Tue Apr 18 13:36:18 IDT 2017   [info] Default ResourceManager initialization complete.
Tue Apr 18 13:36:18 IDT 2017   [info] Loaded System Directive: org.apache.velocity.runtime.directive.Literal
Tue Apr 18 13:36:18 IDT 2017   [info] Loaded System Directive: org.apache.velocity.runtime.directive.Macro
Tue Apr 18 13:36:18 IDT 2017   [info] Loaded System Directive: org.apache.velocity.runtime.directive.Parse
Tue Apr 18 13:36:18 IDT 2017   [info] Loaded System Directive: org.apache.velocity.runtime.directive.Include
Tue Apr 18 13:36:18 IDT 2017   [info] Loaded System Directive: org.apache.velocity.runtime.directive.Foreach
Tue Apr 18 13:36:19 IDT 2017   [info] Created: 20 parsers.
Tue Apr 18 13:36:19 IDT 2017   [info] Velocimacro : initialization starting.
Tue Apr 18 13:36:19 IDT 2017   [info] Velocimacro : adding VMs from VM library template : org/springframework/web/servlet/view/velocity/spring.vm
Tue Apr 18 13:36:19 IDT 2017   [info] Velocimacro : added new VM : #springMessage( code ) : source = org/springframework/web/servlet/view/velocity/spring.vm
Tue Apr 18 13:36:19 IDT 2017   [info] Velocimacro : added new VM : #springMessageText( code text ) : source = org/springframework/web/servlet/view/velocity/spring.vm
Tue Apr 18 13:36:19 IDT 2017   [info] Velocimacro : added new VM : #springTheme( code ) : source = org/springframework/web/servlet/view/velocity/spring.vm
Tue Apr 18 13:36:19 IDT 2017   [info] Velocimacro : added new VM : #springThemeText( code text ) : source = org/springframework/web/servlet/view/velocity/spring.vm
Tue Apr 18 13:36:19 IDT 2017   [info] Velocimacro : added new VM : #springUrl( relativeUrl ) : source = org/springframework/web/servlet/view/velocity/spring.vm
Tue Apr 18 13:36:19 IDT 2017   [info] Velocimacro : added new VM : #springBind( path ) : source = org/springframework/web/servlet/view/velocity/spring.vm
Tue Apr 18 13:36:19 IDT 2017   [info] Velocimacro : added new VM : #springBindEscaped( path htmlEscape ) : source = org/springframework/web/servlet/view/velocity/spring.vm
Tue Apr 18 13:36:19 IDT 2017   [info] Velocimacro : added new VM : #springFormInput( path attributes ) : source = org/springframework/web/servlet/view/velocity/spring.vm
Tue Apr 18 13:36:19 IDT 2017   [info] Velocimacro : added new VM : #springFormPasswordInput( path attributes ) : source = org/springframework/web/servlet/view/velocity/spring.vm
Tue Apr 18 13:36:19 IDT 2017   [info] Velocimacro : added new VM : #springFormHiddenInput( path attributes ) : source = org/springframework/web/servlet/view/velocity/spring.vm
Tue Apr 18 13:36:19 IDT 2017   [info] Velocimacro : added new VM : #springFormTextarea( path attributes ) : source = org/springframework/web/servlet/view/velocity/spring.vm
Tue Apr 18 13:36:19 IDT 2017   [info] Velocimacro : added new VM : #springFormSingleSelect( path options attributes ) : source = org/springframework/web/servlet/view/velocity/spring.vm
Tue Apr 18 13:36:19 IDT 2017   [info] Velocimacro : added new VM : #springFormMultiSelect( path options attributes ) : source = org/springframework/web/servlet/view/velocity/spring.vm
Tue Apr 18 13:36:19 IDT 2017   [info] Velocimacro : added new VM : #springFormRadioButtons( path options separator attributes ) : source = org/springframework/web/servlet/view/velocity/spring.vm
Tue Apr 18 13:36:19 IDT 2017   [info] Velocimacro : added new VM : #springFormCheckboxes( path options separator attributes ) : source = org/springframework/web/servlet/view/velocity/spring.vm
Tue Apr 18 13:36:19 IDT 2017   [info] Velocimacro : added new VM : #springFormCheckbox( path attributes ) : source = org/springframework/web/servlet/view/velocity/spring.vm
Tue Apr 18 13:36:19 IDT 2017   [info] Velocimacro : added new VM : #springShowErrors( separator classOrStyle ) : source = org/springframework/web/servlet/view/velocity/spring.vm
Tue Apr 18 13:36:19 IDT 2017   [info] Velocimacro : added new VM : #springCloseTag( ) : source = org/springframework/web/servlet/view/velocity/spring.vm
Tue Apr 18 13:36:19 IDT 2017   [info] Velocimacro : added new VM : #springXmlId( id ) : source = org/springframework/web/servlet/view/velocity/spring.vm
Tue Apr 18 13:36:19 IDT 2017  [error] VM #springXmlId: error : too few arguments to macro. Wanted 1 got 0
Tue Apr 18 13:36:19 IDT 2017  [error] VM #springXmlId: error : too few arguments to macro. Wanted 1 got 0
Tue Apr 18 13:36:19 IDT 2017  [error] VM #springXmlId: error : too few arguments to macro. Wanted 1 got 0
Tue Apr 18 13:36:19 IDT 2017  [error] VM #springXmlId: error : too few arguments to macro. Wanted 1 got 0
Tue Apr 18 13:36:19 IDT 2017  [error] VM #springXmlId: error : too few arguments to macro. Wanted 1 got 0
Tue Apr 18 13:36:19 IDT 2017  [error] VM #springXmlId: error : too few arguments to macro. Wanted 1 got 0
Tue Apr 18 13:36:19 IDT 2017  [error] VM #springXmlId: error : too few arguments to macro. Wanted 1 got 0
Tue Apr 18 13:36:19 IDT 2017  [error] VM #springXmlId: error : too few arguments to macro. Wanted 1 got 0
Tue Apr 18 13:36:19 IDT 2017   [info] ResourceManager : found org/springframework/web/servlet/view/velocity/spring.vm with loader org.apache.velocity.runtime.resource.loader.ClasspathResourceLoader
Tue Apr 18 13:36:19 IDT 2017   [info] Velocimacro :  VM library template macro registration complete.
Tue Apr 18 13:36:19 IDT 2017   [info] Velocimacro : allowInline = true : VMs can be defined inline in templates
Tue Apr 18 13:36:19 IDT 2017   [info] Velocimacro : allowInlineToOverride = false : VMs defined inline may NOT replace previous VM definitions
Tue Apr 18 13:36:19 IDT 2017   [info] Velocimacro : allowInlineLocal = false : VMs defined inline will be  global in scope if allowed.
Tue Apr 18 13:36:19 IDT 2017   [info] Velocimacro : messages on  : VM system will output logging messages
Tue Apr 18 13:36:19 IDT 2017   [info] Velocimacro : autoload off  : VM system will not automatically reload global library macros
Tue Apr 18 13:36:19 IDT 2017   [info] Velocimacro : initialization complete.
Tue Apr 18 13:36:19 IDT 2017   [info] Velocity successfully started.
Tue Apr 18 13:36:28 IDT 2017   [info] ResourceManager : found /WEB-INF/classes/templates/views/index.vm with loader org.apache.velocity.runtime.resource.loader.FileResourceLoader
Tue Apr 18 13:36:28 IDT 2017   [info] ResourceManager : found /WEB-INF/classes/templates/layouts/layout.vm with loader org.apache.velocity.runtime.resource.loader.FileResourceLoader
Tue Apr 18 13:36:28 IDT 2017   [info] ResourceManager : found /WEB-INF/classes/templates/js/scripts_local.vm with loader org.apache.velocity.runtime.resource.loader.FileResourceLoader
Tue Apr 18 13:36:33 IDT 2017   [info] ResourceManager : found /WEB-INF/classes/templates/views/show_users.vm with loader org.apache.velocity.runtime.resource.loader.FileResourceLoader
