18-Apr-2017 13:24:58.131 INFO [http-nio-80-exec-2] org.apache.catalina.core.ApplicationContext.log HTMLManager: init: Associated with Deployer 'Catalina:type=Deployer,host=localhost'
18-Apr-2017 13:24:58.131 INFO [http-nio-80-exec-2] org.apache.catalina.core.ApplicationContext.log HTMLManager: init: Global resources are available
18-Apr-2017 13:24:58.141 INFO [http-nio-80-exec-2] org.apache.catalina.core.ApplicationContext.log HTMLManager: list: Listing contexts for virtual host 'localhost'
18-Apr-2017 13:25:28.679 INFO [http-nio-80-exec-9] org.apache.catalina.core.ApplicationContext.log HTMLManager: list: Listing contexts for virtual host 'localhost'
18-Apr-2017 13:26:25.758 INFO [http-nio-80-exec-9] org.apache.catalina.core.ApplicationContext.log HTMLManager: list: Listing contexts for virtual host 'localhost'
18-Apr-2017 13:26:34.305 INFO [http-nio-80-exec-1] org.apache.catalina.core.ApplicationContext.log HTMLManager: stop: Stopping web application '/'
18-Apr-2017 13:26:34.312 INFO [http-nio-80-exec-1] org.apache.catalina.core.ApplicationContext.log HTMLManager: list: Listing contexts for virtual host 'localhost'
18-Apr-2017 13:27:15.877 INFO [http-nio-80-exec-5] org.apache.catalina.core.ApplicationContext.log HTMLManager: stop: Stopping web application '/examples'
18-Apr-2017 13:27:15.883 INFO [http-nio-80-exec-5] org.apache.catalina.core.ApplicationContext.log HTMLManager: list: Listing contexts for virtual host 'localhost'
18-Apr-2017 13:27:17.822 INFO [http-nio-80-exec-11] org.apache.catalina.core.ApplicationContext.log HTMLManager: stop: Stopping web application '/host-manager'
18-Apr-2017 13:27:17.825 INFO [http-nio-80-exec-11] org.apache.catalina.core.ApplicationContext.log HTMLManager: list: Listing contexts for virtual host 'localhost'
18-Apr-2017 13:27:25.685 INFO [http-nio-80-exec-8] org.apache.catalina.core.ApplicationContext.log HTMLManager: start: Starting web application '/host-manager'
18-Apr-2017 13:27:25.700 INFO [http-nio-80-exec-8] org.apache.catalina.core.ApplicationContext.log HTMLManager: list: Listing contexts for virtual host 'localhost'
18-Apr-2017 13:27:27.616 INFO [http-nio-80-exec-3] org.apache.catalina.core.ApplicationContext.log HTMLManager: stop: Stopping web application '/host-manager'
18-Apr-2017 13:27:27.620 INFO [http-nio-80-exec-3] org.apache.catalina.core.ApplicationContext.log HTMLManager: list: Listing contexts for virtual host 'localhost'
18-Apr-2017 13:27:43.532 INFO [http-nio-80-exec-9] org.apache.catalina.core.ApplicationContext.log HTMLManager: list: Listing contexts for virtual host 'localhost'
18-Apr-2017 13:28:05.786 INFO [http-nio-80-exec-13] org.apache.catalina.core.ApplicationContext.log HTMLManager: undeploy: Undeploying web application at '/BasicWeb_war'
18-Apr-2017 13:28:06.343 INFO [http-nio-80-exec-13] org.apache.catalina.core.ApplicationContext.log HTMLManager: list: Listing contexts for virtual host 'localhost'
18-Apr-2017 13:28:18.924 INFO [http-nio-80-exec-18] org.apache.catalina.core.ApplicationContext.log HTMLManager: list: Listing contexts for virtual host 'localhost'
18-Apr-2017 13:29:03.068 INFO [http-nio-80-exec-2] org.apache.catalina.core.ApplicationContext.log HTMLManager: stop: Stopping web application '/BasicWeb_war'
18-Apr-2017 13:29:03.101 INFO [http-nio-80-exec-2] org.apache.catalina.core.ApplicationContext.log HTMLManager: list: Listing contexts for virtual host 'localhost'
18-Apr-2017 13:29:06.548 INFO [http-nio-80-exec-14] org.apache.catalina.core.ApplicationContext.log HTMLManager: start: Starting web application '/BasicWeb_war'
18-Apr-2017 13:29:10.825 INFO [http-nio-80-exec-21] org.apache.catalina.core.ApplicationContext.log HTMLManager: start: Starting web application '/BasicWeb_war'
18-Apr-2017 13:29:11.671 INFO [http-nio-80-exec-14] org.apache.catalina.core.ApplicationContext.log HTMLManager: list: Listing contexts for virtual host 'localhost'
18-Apr-2017 13:29:11.671 INFO [http-nio-80-exec-21] org.apache.catalina.core.ApplicationContext.log HTMLManager: list: Listing contexts for virtual host 'localhost'
18-Apr-2017 13:29:13.758 INFO [http-nio-80-exec-17] org.apache.catalina.core.ApplicationContext.log HTMLManager: restart: Reloading web application '/BasicWeb_war'
18-Apr-2017 13:29:17.005 INFO [http-nio-80-exec-23] org.apache.catalina.core.ApplicationContext.log HTMLManager: stop: Stopping web application '/BasicWeb_war'
18-Apr-2017 13:29:18.821 INFO [http-nio-80-exec-17] org.apache.catalina.core.ApplicationContext.log HTMLManager: list: Listing contexts for virtual host 'localhost'
18-Apr-2017 13:29:18.843 INFO [http-nio-80-exec-23] org.apache.catalina.core.ApplicationContext.log HTMLManager: list: Listing contexts for virtual host 'localhost'
18-Apr-2017 13:30:36.104 INFO [http-nio-80-exec-1] org.apache.catalina.core.ApplicationContext.log HTMLManager: init: Associated with Deployer 'Catalina:type=Deployer,host=localhost'
18-Apr-2017 13:30:36.104 INFO [http-nio-80-exec-1] org.apache.catalina.core.ApplicationContext.log HTMLManager: init: Global resources are available
18-Apr-2017 13:30:39.987 INFO [http-nio-80-exec-5] org.apache.catalina.core.ApplicationContext.log HTMLManager: list: Listing contexts for virtual host 'localhost'
18-Apr-2017 13:30:43.960 INFO [http-nio-80-exec-6] org.apache.catalina.core.ApplicationContext.log HTMLManager: stop: Stopping web application '/BasicWeb_war'
18-Apr-2017 13:30:43.989 INFO [http-nio-80-exec-6] org.apache.catalina.core.ApplicationContext.log HTMLManager: list: Listing contexts for virtual host 'localhost'
18-Apr-2017 13:30:48.167 INFO [http-nio-80-exec-5] org.apache.catalina.core.ApplicationContext.log HTMLManager: stop: Stopping web application '/docs'
18-Apr-2017 13:30:48.172 INFO [http-nio-80-exec-5] org.apache.catalina.core.ApplicationContext.log HTMLManager: list: Listing contexts for virtual host 'localhost'
18-Apr-2017 13:30:48.941 INFO [http-nio-80-exec-3] org.apache.catalina.core.ApplicationContext.log HTMLManager: stop: Stopping web application '/examples'
18-Apr-2017 13:30:48.946 INFO [http-nio-80-exec-3] org.apache.catalina.core.ApplicationContext.log HTMLManager: list: Listing contexts for virtual host 'localhost'
18-Apr-2017 13:30:49.535 INFO [http-nio-80-exec-10] org.apache.catalina.core.ApplicationContext.log HTMLManager: stop: Stopping web application '/host-manager'
18-Apr-2017 13:30:49.538 INFO [http-nio-80-exec-10] org.apache.catalina.core.ApplicationContext.log HTMLManager: list: Listing contexts for virtual host 'localhost'
18-Apr-2017 13:35:23.876 INFO [http-nio-80-exec-5] org.apache.catalina.core.ApplicationContext.log HTMLManager: init: Associated with Deployer 'Catalina:type=Deployer,host=localhost'
18-Apr-2017 13:35:23.876 INFO [http-nio-80-exec-5] org.apache.catalina.core.ApplicationContext.log HTMLManager: init: Global resources are available
18-Apr-2017 13:35:23.882 INFO [http-nio-80-exec-5] org.apache.catalina.core.ApplicationContext.log HTMLManager: list: Listing contexts for virtual host 'localhost'
18-Apr-2017 13:35:33.711 INFO [http-nio-80-exec-6] org.apache.catalina.core.ApplicationContext.log HTMLManager: undeploy: Undeploying web application at '/BasicWeb_war'
18-Apr-2017 13:35:34.272 INFO [http-nio-80-exec-6] org.apache.catalina.core.ApplicationContext.log HTMLManager: list: Listing contexts for virtual host 'localhost'
18-Apr-2017 13:35:40.387 INFO [http-nio-80-exec-5] org.apache.catalina.core.ApplicationContext.log HTMLManager: undeploy: Undeploying web application at '/host-manager'
18-Apr-2017 13:35:40.906 INFO [http-nio-80-exec-5] org.apache.catalina.core.ApplicationContext.log HTMLManager: list: Listing contexts for virtual host 'localhost'
18-Apr-2017 13:35:52.151 INFO [http-nio-80-exec-10] org.apache.catalina.core.ApplicationContext.log HTMLManager: list: Listing contexts for virtual host 'localhost'
